<?xml version="1.0" encoding="UTF-8"?>
<!-- Generated by org.testng.reporters.JUnitXMLReporter -->
<testsuite ignored="0" hostname="LTILBOM20401186" failures="0" tests="6" name="Default test" time="28.854" errors="0" timestamp="2023-01-29T16:58:39 IST">
  <testcase classname="dataDrivenTesting.ExcelBlazeDemoHomePage" name="verifyLoginTest" time="2.275"/>
  <testcase classname="dataDrivenTesting.ExcelBlazeDemoHomePage" name="verifyLoginTest" time="1.532"/>
  <testcase classname="dataDrivenTesting.ExcelBlazeDemoHomePage" name="verifyLoginTest" time="1.467"/>
  <testcase classname="dataDrivenTesting.ExcelBlazeDemoHomePage" name="verifyLoginTest" time="1.659"/>
  <testcase classname="dataDrivenTesting.ExcelBlazeDemoHomePage" name="verifyLoginTest" time="1.569"/>
  <testcase classname="dataDrivenTesting.ExcelBlazeDemoHomePage" name="verifyLoginTest" time="1.527"/>
</testsuite> <!-- Default test -->
